# JRE version: Java(TM) SE Runtime Environment (19.0.1+10) (build 19.0.1+10-21)
# Java VM: Java HotSpot(TM) 64-Bit Server VM (19.0.1+10-21, mixed mode, emulated-client, sharing, tiered, compressed oops, compressed class ptrs, g1 gc, windows-amd64)
GC Precious Log:
 CardTable entry size: 512
 Card Set container configuration: InlinePtr #cards 5 size 8 Array Of Cards #cards 12 size 40 Howl #buckets 4 coarsen threshold 1843 Howl Bitmap #cards 512 size 80 coarsen threshold 460 Card regions per heap region 1 cards per card region 2048
 CPUs: 8 total, 8 available
 Memory: 8041M
 Large Page Support: Disabled
 NUMA Support: Disabled
 Compressed Oops: Enabled (32-bit)
 Heap Region Size: 1M
 Heap Min Capacity: 8M
 Heap Initial Capacity: 126M
 Heap Max Capacity: 2012M
 Pre-touch: Disabled
 Parallel Workers: 8
 Concurrent Workers: 2
 Concurrent Refinement Workers: 8
 Periodic GC: Disabled
Heap:
 garbage-first heap   total 82944K, used 43925K [0x0000000082400000, 0x0000000100000000)
  region size 1024K, 25 young (25600K), 1 survivors (1024K)
 Metaspace       used 48016K, committed 48576K, reserved 1114112K
  class space    used 6565K, committed 6848K, reserved 1048576K
GC Heap History (20 events):
Event: 0.618 GC heap before
{Heap before GC invocations=0 (full 0):
 garbage-first heap   total 129024K, used 23552K [0x0000000082400000, 0x0000000100000000)
  region size 1024K, 23 young (23552K), 0 survivors (0K)
 Metaspace       used 7414K, committed 7616K, reserved 1114112K
  class space    used 891K, committed 960K, reserved 1048576K
}
Event: 0.624 GC heap after
{Heap after GC invocations=1 (full 0):
 garbage-first heap   total 129024K, used 7189K [0x0000000082400000, 0x0000000100000000)
  region size 1024K, 3 young (3072K), 3 survivors (3072K)
 Metaspace       used 7414K, committed 7616K, reserved 1114112K
  class space    used 891K, committed 960K, reserved 1048576K
}
Event: 1.040 GC heap before
{Heap before GC invocations=1 (full 0):
 garbage-first heap   total 129024K, used 34837K [0x0000000082400000, 0x0000000100000000)
  region size 1024K, 31 young (31744K), 3 survivors (3072K)
 Metaspace       used 13584K, committed 13888K, reserved 1114112K
  class space    used 1827K, committed 1984K, reserved 1048576K
}
Event: 1.044 GC heap after
{Heap after GC invocations=2 (full 0):
 garbage-first heap   total 129024K, used 9694K [0x0000000082400000, 0x0000000100000000)
  region size 1024K, 3 young (3072K), 3 survivors (3072K)
 Metaspace       used 13584K, committed 13888K, reserved 1114112K
  class space    used 1827K, committed 1984K, reserved 1048576K
}
Event: 1.299 GC heap before
{Heap before GC invocations=2 (full 0):
 garbage-first heap   total 129024K, used 42462K [0x0000000082400000, 0x0000000100000000)
  region size 1024K, 37 young (37888K), 3 survivors (3072K)
 Metaspace       used 21160K, committed 21504K, reserved 1114112K
  class space    used 2761K, committed 2944K, reserved 1048576K
}
Event: 1.302 GC heap after
{Heap after GC invocations=3 (full 0):
 garbage-first heap   total 129024K, used 12790K [0x0000000082400000, 0x0000000100000000)
  region size 1024K, 6 young (6144K), 6 survivors (6144K)
 Metaspace       used 21160K, committed 21504K, reserved 1114112K
  class space    used 2761K, committed 2944K, reserved 1048576K
}
Event: 1.616 GC heap before
{Heap before GC invocations=4 (full 0):
 garbage-first heap   total 55296K, used 42486K [0x0000000082400000, 0x0000000100000000)
  region size 1024K, 35 young (35840K), 6 survivors (6144K)
 Metaspace       used 23984K, committed 24320K, reserved 1114112K
  class space    used 3188K, committed 3328K, reserved 1048576K
}
Event: 1.621 GC heap after
{Heap after GC invocations=5 (full 0):
 garbage-first heap   total 55296K, used 14529K [0x0000000082400000, 0x0000000100000000)
  region size 1024K, 3 young (3072K), 3 survivors (3072K)
 Metaspace       used 23984K, committed 24320K, reserved 1114112K
  class space    used 3188K, committed 3328K, reserved 1048576K
}
Event: 1.632 GC heap before
{Heap before GC invocations=5 (full 0):
 garbage-first heap   total 55296K, used 15553K [0x0000000082400000, 0x0000000100000000)
  region size 1024K, 4 young (4096K), 3 survivors (3072K)
 Metaspace       used 24149K, committed 24512K, reserved 1114112K
  class space    used 3209K, committed 3392K, reserved 1048576K
}
Event: 1.634 GC heap after
{Heap after GC invocations=6 (full 0):
 garbage-first heap   total 55296K, used 14745K [0x0000000082400000, 0x0000000100000000)
  region size 1024K, 1 young (1024K), 1 survivors (1024K)
 Metaspace       used 24149K, committed 24512K, reserved 1114112K
  class space    used 3209K, committed 3392K, reserved 1048576K
}
Event: 1.913 GC heap before
{Heap before GC invocations=6 (full 0):
 garbage-first heap   total 55296K, used 36249K [0x0000000082400000, 0x0000000100000000)
  region size 1024K, 23 young (23552K), 1 survivors (1024K)
 Metaspace       used 27514K, committed 28032K, reserved 1114112K
  class space    used 3737K, committed 3968K, reserved 1048576K
}
Event: 1.915 GC heap after
{Heap after GC invocations=7 (full 0):
 garbage-first heap   total 55296K, used 16457K [0x0000000082400000, 0x0000000100000000)
  region size 1024K, 3 young (3072K), 3 survivors (3072K)
 Metaspace       used 27514K, committed 28032K, reserved 1114112K
  class space    used 3737K, committed 3968K, reserved 1048576K
}
Event: 2.158 GC heap before
{Heap before GC invocations=7 (full 0):
 garbage-first heap   total 55296K, used 37961K [0x0000000082400000, 0x0000000100000000)
  region size 1024K, 24 young (24576K), 3 survivors (3072K)
 Metaspace       used 30757K, committed 31232K, reserved 1114112K
  class space    used 4167K, committed 4352K, reserved 1048576K
}
Event: 2.162 GC heap after
{Heap after GC invocations=8 (full 0):
 garbage-first heap   total 55296K, used 18731K [0x0000000082400000, 0x0000000100000000)
  region size 1024K, 3 young (3072K), 3 survivors (3072K)
 Metaspace       used 30757K, committed 31232K, reserved 1114112K
  class space    used 4167K, committed 4352K, reserved 1048576K
}
Event: 2.475 GC heap before
{Heap before GC invocations=8 (full 0):
 garbage-first heap   total 55296K, used 38187K [0x0000000082400000, 0x0000000100000000)
  region size 1024K, 23 young (23552K), 3 survivors (3072K)
 Metaspace       used 35537K, committed 36096K, reserved 1114112K
  class space    used 4723K, committed 4992K, reserved 1048576K
}
Event: 2.478 GC heap after
{Heap after GC invocations=9 (full 0):
 garbage-first heap   total 55296K, used 20244K [0x0000000082400000, 0x0000000100000000)
  region size 1024K, 2 young (2048K), 2 survivors (2048K)
 Metaspace       used 35537K, committed 36096K, reserved 1114112K
  class space    used 4723K, committed 4992K, reserved 1048576K
}
Event: 2.777 GC heap before
{Heap before GC invocations=10 (full 0):
 garbage-first heap   total 55296K, used 40724K [0x0000000082400000, 0x0000000100000000)
  region size 1024K, 22 young (22528K), 2 survivors (2048K)
 Metaspace       used 41152K, committed 41792K, reserved 1114112K
  class space    used 5578K, committed 5888K, reserved 1048576K
}
Event: 2.779 GC heap after
{Heap after GC invocations=11 (full 0):
 garbage-first heap   total 82944K, used 21361K [0x0000000082400000, 0x0000000100000000)
  region size 1024K, 3 young (3072K), 3 survivors (3072K)
 Metaspace       used 41152K, committed 41792K, reserved 1114112K
  class space    used 5578K, committed 5888K, reserved 1048576K
}
Event: 2.793 GC heap before
{Heap before GC invocations=11 (full 0):
 garbage-first heap   total 82944K, used 22385K [0x0000000082400000, 0x0000000100000000)
  region size 1024K, 4 young (4096K), 3 survivors (3072K)
 Metaspace       used 41405K, committed 41984K, reserved 1114112K
  class space    used 5614K, committed 5888K, reserved 1048576K
}
Event: 2.795 GC heap after
{Heap after GC invocations=12 (full 0):
 garbage-first heap   total 82944K, used 21397K [0x0000000082400000, 0x0000000100000000)
  region size 1024K, 1 young (1024K), 1 survivors (1024K)
 Metaspace       used 41405K, committed 41984K, reserved 1114112K
  class space    used 5614K, committed 5888K, reserved 1048576K
}

